<?xml version="1.0" encoding="UTF-8"?>
<!-- Generated by org.testng.reporters.JUnitReportReporter -->
<testsuite hostname="DESKTOP-QFBMQ48" failures="0" tests="1" name="scripts.Test4" time="0.008" errors="0" timestamp="2022-01-09T12:56:32 IST" skipped="0">
  <testcase classname="scripts.Test4" name="tc4" time="0.008"/>
  <system-out>
    <![CDATA[Hello java]]>
  </system-out>
</testsuite> <!-- scripts.Test4 -->
