<?xml version="1.0" encoding="UTF-8"?>
<!-- Generated by org.testng.reporters.JUnitReportReporter -->
<testsuite hostname="DESKTOP-QFBMQ48" failures="0" tests="1" name="scripts.Test3" time="0.002" errors="0" timestamp="2022-01-09T12:56:32 IST" skipped="0">
  <testcase classname="scripts.Test3" name="tc3" time="0.002"/>
  <system-out>
    <![CDATA[Hello Appium]]>
  </system-out>
</testsuite> <!-- scripts.Test3 -->
